2016-06-17 14:36:48 Warning: Warning (2): array_filter() expects parameter 1 to be array, null given in [/home/kir591973/public_html/uno-mt5-temp10.com/module/template/default/parts/html_header.php, line 29]
Trace:
array_filter - [internal], line ??
require_once - /home/kir591973/public_html/uno-mt5-temp10.com/module/template/default/parts/html_header.php, line 29
include - APP/View/Layouts/default.ctp, line 7
View::_evaluate() - CORE/Cake/View/View.php, line 920
View::_render() - CORE/Cake/View/View.php, line 883
View::renderLayout() - CORE/Cake/View/View.php, line 539
View::render() - CORE/Cake/View/View.php, line 483
Controller::render() - CORE/Cake/Controller/Controller.php, line 957
Dispatcher::_invoke() - CORE/Cake/Routing/Dispatcher.php, line 193
Dispatcher::dispatch() - CORE/Cake/Routing/Dispatcher.php, line 161
[main] - ROOT/index.php, line 95

2016-06-17 14:36:48 Error: [MissingControllerException] Controller class Mt.jsController could not be found.
#0 /home/kir591973/public_html/uno-mt5-temp10.com/bbs/index.php(95): Dispatcher->dispatch(Object(CakeRequest), Object(CakeResponse))
#1 {main}
2016-06-17 14:36:48 Warning: Warning (2): array_filter() expects parameter 1 to be array, string given in [/home/kir591973/public_html/uno-mt5-temp10.com/module/template/default/parts/html_header.php, line 29]
Trace:
array_filter - [internal], line ??
require_once - /home/kir591973/public_html/uno-mt5-temp10.com/module/template/default/parts/html_header.php, line 29
include - APP/View/Layouts/default.ctp, line 7
View::_evaluate() - CORE/Cake/View/View.php, line 920
View::_render() - CORE/Cake/View/View.php, line 883
View::renderLayout() - CORE/Cake/View/View.php, line 539
View::render() - CORE/Cake/View/View.php, line 483
Controller::render() - CORE/Cake/Controller/Controller.php, line 957
ExceptionRenderer::_outputMessage() - CORE/Cake/Error/ExceptionRenderer.php, line 267
ExceptionRenderer::error400() - CORE/Cake/Error/ExceptionRenderer.php, line 213
ExceptionRenderer::render() - CORE/Cake/Error/ExceptionRenderer.php, line 169
ErrorHandler::handleException() - CORE/Cake/Error/ErrorHandler.php, line 127
[main] - [internal], line ??

2016-06-17 14:46:30 Error: [MissingTableException] Table dm_comments for model Comment was not found in datasource default.
#0 /home/kir591973/private/cakephp/lib/Cake/Model/Model.php(3180): Model->setSource('comments')
#1 /home/kir591973/private/cakephp/lib/Cake/Model/Model.php(2631): Model->getDataSource()
#2 /home/kir591973/private/cakephp/lib/Cake/Model/Model.php(1516): Model->find('first', Array)
#3 /home/kir591973/public_html/uno-mt5-temp10.com/bbs/app/Controller/CommentsController.php(15): Model->read()
#4 [internal function]: CommentsController->view('1')
#5 /home/kir591973/private/cakephp/lib/Cake/Controller/Controller.php(485): ReflectionMethod->invokeArgs(Object(CommentsController), Array)
#6 /home/kir591973/private/cakephp/lib/Cake/Routing/Dispatcher.php(186): Controller->invokeAction(Object(CakeRequest))
#7 /home/kir591973/private/cakephp/lib/Cake/Routing/Dispatcher.php(161): Dispatcher->_invoke(Object(CommentsController), Object(CakeRequest), Object(CakeResponse))
#8 /home/kir591973/public_html/uno-mt5-temp10.com/bbs/index.php(95): Dispatcher->dispatch(Object(CakeRequest), Object(CakeResponse))
#9 {main}
2016-06-17 14:46:30 Warning: Warning (2): array_filter() expects parameter 1 to be array, null given in [/home/kir591973/public_html/uno-mt5-temp10.com/module/template/default/parts/html_header.php, line 29]
Trace:
array_filter - [internal], line ??
require_once - /home/kir591973/public_html/uno-mt5-temp10.com/module/template/default/parts/html_header.php, line 29
include - APP/View/Layouts/default.ctp, line 7
View::_evaluate() - CORE/Cake/View/View.php, line 920
View::_render() - CORE/Cake/View/View.php, line 883
View::renderLayout() - CORE/Cake/View/View.php, line 539
View::render() - CORE/Cake/View/View.php, line 483
Controller::render() - CORE/Cake/Controller/Controller.php, line 957
ExceptionRenderer::_outputMessage() - CORE/Cake/Error/ExceptionRenderer.php, line 267
ExceptionRenderer::error500() - CORE/Cake/Error/ExceptionRenderer.php, line 236
ExceptionRenderer::render() - CORE/Cake/Error/ExceptionRenderer.php, line 169
ErrorHandler::handleException() - CORE/Cake/Error/ErrorHandler.php, line 127
[main] - [internal], line ??

2016-06-17 14:46:30 Error: [MissingControllerException] Controller class Mt.jsController could not be found.
#0 /home/kir591973/public_html/uno-mt5-temp10.com/bbs/index.php(95): Dispatcher->dispatch(Object(CakeRequest), Object(CakeResponse))
#1 {main}
2016-06-17 14:46:30 Warning: Warning (2): array_filter() expects parameter 1 to be array, string given in [/home/kir591973/public_html/uno-mt5-temp10.com/module/template/default/parts/html_header.php, line 29]
Trace:
array_filter - [internal], line ??
require_once - /home/kir591973/public_html/uno-mt5-temp10.com/module/template/default/parts/html_header.php, line 29
include - APP/View/Layouts/default.ctp, line 7
View::_evaluate() - CORE/Cake/View/View.php, line 920
View::_render() - CORE/Cake/View/View.php, line 883
View::renderLayout() - CORE/Cake/View/View.php, line 539
View::render() - CORE/Cake/View/View.php, line 483
Controller::render() - CORE/Cake/Controller/Controller.php, line 957
ExceptionRenderer::_outputMessage() - CORE/Cake/Error/ExceptionRenderer.php, line 267
ExceptionRenderer::error400() - CORE/Cake/Error/ExceptionRenderer.php, line 213
ExceptionRenderer::render() - CORE/Cake/Error/ExceptionRenderer.php, line 169
ErrorHandler::handleException() - CORE/Cake/Error/ErrorHandler.php, line 127
[main] - [internal], line ??

2016-06-17 15:11:28 Error: [MissingTableException] Table dm_comments for model Comment was not found in datasource default.
#0 /home/kir591973/private/cakephp/lib/Cake/Model/Model.php(3180): Model->setSource('comments')
#1 /home/kir591973/private/cakephp/lib/Cake/Model/Model.php(2631): Model->getDataSource()
#2 /home/kir591973/private/cakephp/lib/Cake/Model/Model.php(1516): Model->find('first', Array)
#3 /home/kir591973/public_html/uno-mt5-temp10.com/bbs/app/Controller/CommentsController.php(15): Model->read()
#4 [internal function]: CommentsController->view('1')
#5 /home/kir591973/private/cakephp/lib/Cake/Controller/Controller.php(485): ReflectionMethod->invokeArgs(Object(CommentsController), Array)
#6 /home/kir591973/private/cakephp/lib/Cake/Routing/Dispatcher.php(186): Controller->invokeAction(Object(CakeRequest))
#7 /home/kir591973/private/cakephp/lib/Cake/Routing/Dispatcher.php(161): Dispatcher->_invoke(Object(CommentsController), Object(CakeRequest), Object(CakeResponse))
#8 /home/kir591973/public_html/uno-mt5-temp10.com/bbs/index.php(95): Dispatcher->dispatch(Object(CakeRequest), Object(CakeResponse))
#9 {main}
2016-06-17 15:11:28 Warning: Warning (2): array_filter() expects parameter 1 to be array, null given in [/home/kir591973/public_html/uno-mt5-temp10.com/module/template/default/parts/html_header.php, line 29]
Trace:
array_filter - [internal], line ??
require_once - /home/kir591973/public_html/uno-mt5-temp10.com/module/template/default/parts/html_header.php, line 29
include - APP/View/Layouts/default.ctp, line 7
View::_evaluate() - CORE/Cake/View/View.php, line 920
View::_render() - CORE/Cake/View/View.php, line 883
View::renderLayout() - CORE/Cake/View/View.php, line 539
View::render() - CORE/Cake/View/View.php, line 483
Controller::render() - CORE/Cake/Controller/Controller.php, line 957
ExceptionRenderer::_outputMessage() - CORE/Cake/Error/ExceptionRenderer.php, line 267
ExceptionRenderer::error500() - CORE/Cake/Error/ExceptionRenderer.php, line 236
ExceptionRenderer::render() - CORE/Cake/Error/ExceptionRenderer.php, line 169
ErrorHandler::handleException() - CORE/Cake/Error/ErrorHandler.php, line 127
[main] - [internal], line ??

2016-06-17 15:11:28 Error: [MissingControllerException] Controller class Mt.jsController could not be found.
#0 /home/kir591973/public_html/uno-mt5-temp10.com/bbs/index.php(95): Dispatcher->dispatch(Object(CakeRequest), Object(CakeResponse))
#1 {main}
2016-06-17 15:11:28 Warning: Warning (2): array_filter() expects parameter 1 to be array, string given in [/home/kir591973/public_html/uno-mt5-temp10.com/module/template/default/parts/html_header.php, line 29]
Trace:
array_filter - [internal], line ??
require_once - /home/kir591973/public_html/uno-mt5-temp10.com/module/template/default/parts/html_header.php, line 29
include - APP/View/Layouts/default.ctp, line 7
View::_evaluate() - CORE/Cake/View/View.php, line 920
View::_render() - CORE/Cake/View/View.php, line 883
View::renderLayout() - CORE/Cake/View/View.php, line 539
View::render() - CORE/Cake/View/View.php, line 483
Controller::render() - CORE/Cake/Controller/Controller.php, line 957
ExceptionRenderer::_outputMessage() - CORE/Cake/Error/ExceptionRenderer.php, line 267
ExceptionRenderer::error400() - CORE/Cake/Error/ExceptionRenderer.php, line 213
ExceptionRenderer::render() - CORE/Cake/Error/ExceptionRenderer.php, line 169
ErrorHandler::handleException() - CORE/Cake/Error/ErrorHandler.php, line 127
[main] - [internal], line ??

2016-06-17 15:12:32 Error: [MissingTableException] Table dm_comments for model Comment was not found in datasource default.
#0 /home/kir591973/private/cakephp/lib/Cake/Model/Model.php(3180): Model->setSource('comments')
#1 /home/kir591973/private/cakephp/lib/Cake/Model/Model.php(2631): Model->getDataSource()
#2 /home/kir591973/private/cakephp/lib/Cake/Model/Model.php(1516): Model->find('first', Array)
#3 /home/kir591973/public_html/uno-mt5-temp10.com/bbs/app/Controller/CommentsController.php(15): Model->read()
#4 [internal function]: CommentsController->view('1')
#5 /home/kir591973/private/cakephp/lib/Cake/Controller/Controller.php(485): ReflectionMethod->invokeArgs(Object(CommentsController), Array)
#6 /home/kir591973/private/cakephp/lib/Cake/Routing/Dispatcher.php(186): Controller->invokeAction(Object(CakeRequest))
#7 /home/kir591973/private/cakephp/lib/Cake/Routing/Dispatcher.php(161): Dispatcher->_invoke(Object(CommentsController), Object(CakeRequest), Object(CakeResponse))
#8 /home/kir591973/public_html/uno-mt5-temp10.com/bbs/index.php(95): Dispatcher->dispatch(Object(CakeRequest), Object(CakeResponse))
#9 {main}
2016-06-17 15:12:32 Warning: Warning (2): array_filter() expects parameter 1 to be array, null given in [/home/kir591973/public_html/uno-mt5-temp10.com/module/template/default/parts/html_header.php, line 29]
Trace:
array_filter - [internal], line ??
require_once - /home/kir591973/public_html/uno-mt5-temp10.com/module/template/default/parts/html_header.php, line 29
include - APP/View/Layouts/default.ctp, line 7
View::_evaluate() - CORE/Cake/View/View.php, line 920
View::_render() - CORE/Cake/View/View.php, line 883
View::renderLayout() - CORE/Cake/View/View.php, line 539
View::render() - CORE/Cake/View/View.php, line 483
Controller::render() - CORE/Cake/Controller/Controller.php, line 957
ExceptionRenderer::_outputMessage() - CORE/Cake/Error/ExceptionRenderer.php, line 267
ExceptionRenderer::error500() - CORE/Cake/Error/ExceptionRenderer.php, line 236
ExceptionRenderer::render() - CORE/Cake/Error/ExceptionRenderer.php, line 169
ErrorHandler::handleException() - CORE/Cake/Error/ErrorHandler.php, line 127
[main] - [internal], line ??

2016-06-17 15:12:32 Error: [MissingControllerException] Controller class Mt.jsController could not be found.
#0 /home/kir591973/public_html/uno-mt5-temp10.com/bbs/index.php(95): Dispatcher->dispatch(Object(CakeRequest), Object(CakeResponse))
#1 {main}
2016-06-17 15:12:32 Warning: Warning (2): array_filter() expects parameter 1 to be array, string given in [/home/kir591973/public_html/uno-mt5-temp10.com/module/template/default/parts/html_header.php, line 29]
Trace:
array_filter - [internal], line ??
require_once - /home/kir591973/public_html/uno-mt5-temp10.com/module/template/default/parts/html_header.php, line 29
include - APP/View/Layouts/default.ctp, line 7
View::_evaluate() - CORE/Cake/View/View.php, line 920
View::_render() - CORE/Cake/View/View.php, line 883
View::renderLayout() - CORE/Cake/View/View.php, line 539
View::render() - CORE/Cake/View/View.php, line 483
Controller::render() - CORE/Cake/Controller/Controller.php, line 957
ExceptionRenderer::_outputMessage() - CORE/Cake/Error/ExceptionRenderer.php, line 267
ExceptionRenderer::error400() - CORE/Cake/Error/ExceptionRenderer.php, line 213
ExceptionRenderer::render() - CORE/Cake/Error/ExceptionRenderer.php, line 169
ErrorHandler::handleException() - CORE/Cake/Error/ErrorHandler.php, line 127
[main] - [internal], line ??

2016-06-17 15:14:12 Warning: Warning (2): array_filter() expects parameter 1 to be array, null given in [/home/kir591973/public_html/uno-mt5-temp10.com/module/template/default/parts/html_header.php, line 29]
Trace:
array_filter - [internal], line ??
require_once - /home/kir591973/public_html/uno-mt5-temp10.com/module/template/default/parts/html_header.php, line 29
include - APP/View/Layouts/default.ctp, line 7
View::_evaluate() - CORE/Cake/View/View.php, line 920
View::_render() - CORE/Cake/View/View.php, line 883
View::renderLayout() - CORE/Cake/View/View.php, line 539
View::render() - CORE/Cake/View/View.php, line 483
Controller::render() - CORE/Cake/Controller/Controller.php, line 957
Dispatcher::_invoke() - CORE/Cake/Routing/Dispatcher.php, line 193
Dispatcher::dispatch() - CORE/Cake/Routing/Dispatcher.php, line 161
[main] - ROOT/index.php, line 95

2016-06-17 15:14:13 Error: [MissingControllerException] Controller class Mt.jsController could not be found.
#0 /home/kir591973/public_html/uno-mt5-temp10.com/bbs/index.php(95): Dispatcher->dispatch(Object(CakeRequest), Object(CakeResponse))
#1 {main}
2016-06-17 15:14:13 Warning: Warning (2): array_filter() expects parameter 1 to be array, string given in [/home/kir591973/public_html/uno-mt5-temp10.com/module/template/default/parts/html_header.php, line 29]
Trace:
array_filter - [internal], line ??
require_once - /home/kir591973/public_html/uno-mt5-temp10.com/module/template/default/parts/html_header.php, line 29
include - APP/View/Layouts/default.ctp, line 7
View::_evaluate() - CORE/Cake/View/View.php, line 920
View::_render() - CORE/Cake/View/View.php, line 883
View::renderLayout() - CORE/Cake/View/View.php, line 539
View::render() - CORE/Cake/View/View.php, line 483
Controller::render() - CORE/Cake/Controller/Controller.php, line 957
ExceptionRenderer::_outputMessage() - CORE/Cake/Error/ExceptionRenderer.php, line 267
ExceptionRenderer::error400() - CORE/Cake/Error/ExceptionRenderer.php, line 213
ExceptionRenderer::render() - CORE/Cake/Error/ExceptionRenderer.php, line 169
ErrorHandler::handleException() - CORE/Cake/Error/ErrorHandler.php, line 127
[main] - [internal], line ??

2016-06-17 15:14:19 Error: [MissingTableException] Table dm_comments for model Comment was not found in datasource default.
#0 /home/kir591973/private/cakephp/lib/Cake/Model/Model.php(3180): Model->setSource('comments')
#1 /home/kir591973/private/cakephp/lib/Cake/Model/Model.php(2631): Model->getDataSource()
#2 /home/kir591973/private/cakephp/lib/Cake/Model/Model.php(1516): Model->find('first', Array)
#3 /home/kir591973/public_html/uno-mt5-temp10.com/bbs/app/Controller/CommentsController.php(15): Model->read()
#4 [internal function]: CommentsController->view('1')
#5 /home/kir591973/private/cakephp/lib/Cake/Controller/Controller.php(485): ReflectionMethod->invokeArgs(Object(CommentsController), Array)
#6 /home/kir591973/private/cakephp/lib/Cake/Routing/Dispatcher.php(186): Controller->invokeAction(Object(CakeRequest))
#7 /home/kir591973/private/cakephp/lib/Cake/Routing/Dispatcher.php(161): Dispatcher->_invoke(Object(CommentsController), Object(CakeRequest), Object(CakeResponse))
#8 /home/kir591973/public_html/uno-mt5-temp10.com/bbs/index.php(95): Dispatcher->dispatch(Object(CakeRequest), Object(CakeResponse))
#9 {main}
2016-06-17 15:14:19 Warning: Warning (2): array_filter() expects parameter 1 to be array, null given in [/home/kir591973/public_html/uno-mt5-temp10.com/module/template/default/parts/html_header.php, line 29]
Trace:
array_filter - [internal], line ??
require_once - /home/kir591973/public_html/uno-mt5-temp10.com/module/template/default/parts/html_header.php, line 29
include - APP/View/Layouts/default.ctp, line 7
View::_evaluate() - CORE/Cake/View/View.php, line 920
View::_render() - CORE/Cake/View/View.php, line 883
View::renderLayout() - CORE/Cake/View/View.php, line 539
View::render() - CORE/Cake/View/View.php, line 483
Controller::render() - CORE/Cake/Controller/Controller.php, line 957
ExceptionRenderer::_outputMessage() - CORE/Cake/Error/ExceptionRenderer.php, line 267
ExceptionRenderer::error500() - CORE/Cake/Error/ExceptionRenderer.php, line 236
ExceptionRenderer::render() - CORE/Cake/Error/ExceptionRenderer.php, line 169
ErrorHandler::handleException() - CORE/Cake/Error/ErrorHandler.php, line 127
[main] - [internal], line ??

2016-06-17 15:14:20 Error: [MissingControllerException] Controller class Mt.jsController could not be found.
#0 /home/kir591973/public_html/uno-mt5-temp10.com/bbs/index.php(95): Dispatcher->dispatch(Object(CakeRequest), Object(CakeResponse))
#1 {main}
2016-06-17 15:14:20 Warning: Warning (2): array_filter() expects parameter 1 to be array, string given in [/home/kir591973/public_html/uno-mt5-temp10.com/module/template/default/parts/html_header.php, line 29]
Trace:
array_filter - [internal], line ??
require_once - /home/kir591973/public_html/uno-mt5-temp10.com/module/template/default/parts/html_header.php, line 29
include - APP/View/Layouts/default.ctp, line 7
View::_evaluate() - CORE/Cake/View/View.php, line 920
View::_render() - CORE/Cake/View/View.php, line 883
View::renderLayout() - CORE/Cake/View/View.php, line 539
View::render() - CORE/Cake/View/View.php, line 483
Controller::render() - CORE/Cake/Controller/Controller.php, line 957
ExceptionRenderer::_outputMessage() - CORE/Cake/Error/ExceptionRenderer.php, line 267
ExceptionRenderer::error400() - CORE/Cake/Error/ExceptionRenderer.php, line 213
ExceptionRenderer::render() - CORE/Cake/Error/ExceptionRenderer.php, line 169
ErrorHandler::handleException() - CORE/Cake/Error/ErrorHandler.php, line 127
[main] - [internal], line ??

2016-06-17 15:14:42 Error: [PDOException] SQLSTATE[42S22]: Column not found: 1054 Unknown column 'Comment.order' in 'order clause'
#0 /home/kir591973/private/cakephp/lib/Cake/Model/Datasource/DboSource.php(461): PDOStatement->execute(Array)
#1 /home/kir591973/private/cakephp/lib/Cake/Model/Datasource/DboSource.php(427): DboSource->_execute('SELECT `Comment...', Array)
#2 /home/kir591973/private/cakephp/lib/Cake/Model/Datasource/DboSource.php(671): DboSource->execute('SELECT `Comment...', Array, Array)
#3 /home/kir591973/private/cakephp/lib/Cake/Model/Datasource/DboSource.php(1082): DboSource->fetchAll('SELECT `Comment...', false)
#4 /home/kir591973/private/cakephp/lib/Cake/Model/Model.php(2631): DboSource->read(Object(Comment), Array)
#5 /home/kir591973/private/cakephp/lib/Cake/Model/Model.php(1516): Model->find('first', Array)
#6 /home/kir591973/public_html/uno-mt5-temp10.com/bbs/app/Controller/CommentsController.php(15): Model->read()
#7 [internal function]: CommentsController->view('1')
#8 /home/kir591973/private/cakephp/lib/Cake/Controller/Controller.php(485): ReflectionMethod->invokeArgs(Object(CommentsController), Array)
#9 /home/kir591973/private/cakephp/lib/Cake/Routing/Dispatcher.php(186): Controller->invokeAction(Object(CakeRequest))
#10 /home/kir591973/private/cakephp/lib/Cake/Routing/Dispatcher.php(161): Dispatcher->_invoke(Object(CommentsController), Object(CakeRequest), Object(CakeResponse))
#11 /home/kir591973/public_html/uno-mt5-temp10.com/bbs/index.php(95): Dispatcher->dispatch(Object(CakeRequest), Object(CakeResponse))
#12 {main}
2016-06-17 15:14:42 Error: [PDOException] SQLSTATE[42S22]: Column not found: 1054 Unknown column 'Comment.order' in 'order clause'
#0 /home/kir591973/private/cakephp/lib/Cake/Model/Datasource/DboSource.php(461): PDOStatement->execute(Array)
#1 /home/kir591973/private/cakephp/lib/Cake/Model/Datasource/DboSource.php(427): DboSource->_execute('SELECT `Comment...', Array)
#2 /home/kir591973/private/cakephp/lib/Cake/Model/Datasource/DboSource.php(671): DboSource->execute('SELECT `Comment...', Array, Array)
#3 /home/kir591973/private/cakephp/lib/Cake/Model/Datasource/DboSource.php(1082): DboSource->fetchAll('SELECT `Comment...', false)
#4 /home/kir591973/private/cakephp/lib/Cake/Model/Model.php(2631): DboSource->read(Object(Comment), Array)
#5 /home/kir591973/private/cakephp/lib/Cake/Model/Model.php(1516): Model->find('first', Array)
#6 /home/kir591973/public_html/uno-mt5-temp10.com/bbs/app/Controller/CommentsController.php(15): Model->read()
#7 [internal function]: CommentsController->view('1', '<pre class=')
#8 /home/kir591973/private/cakephp/lib/Cake/Controller/Controller.php(485): ReflectionMethod->invokeArgs(Object(CommentsController), Array)
#9 /home/kir591973/private/cakephp/lib/Cake/Routing/Dispatcher.php(186): Controller->invokeAction(Object(CakeRequest))
#10 /home/kir591973/private/cakephp/lib/Cake/Routing/Dispatcher.php(161): Dispatcher->_invoke(Object(CommentsController), Object(CakeRequest), Object(CakeResponse))
#11 /home/kir591973/public_html/uno-mt5-temp10.com/bbs/index.php(95): Dispatcher->dispatch(Object(CakeRequest), Object(CakeResponse))
#12 {main}
2016-06-17 15:51:44 Error: Fatal Error (1): Call to a member function save() on a non-object in [/home/kir591973/public_html/uno-mt5-temp10.com/bbs/app/Controller/CommentsController.php, line 22]
2016-06-17 15:51:44 Error: [FatalErrorException] Call to a member function save() on a non-object
#0 /home/kir591973/private/cakephp/lib/Cake/Error/ErrorHandler.php(162): ErrorHandler::handleFatalError(1, 'Call to a membe...', '/home/kir591973...', 22)
#1 [internal function]: ErrorHandler::handleError(1, 'Call to a membe...', '/home/kir591973...', 22, Array)
#2 /home/kir591973/private/cakephp/lib/Cake/Core/App.php(926): call_user_func('ErrorHandler::h...', 1, 'Call to a membe...', '/home/kir591973...', 22, Array)
#3 /home/kir591973/private/cakephp/lib/Cake/Core/App.php(899): App::_checkFatalError()
#4 [internal function]: App::shutdown()
#5 {main}
2016-06-17 15:52:10 Error: [MissingActionException] Action CommentsController::index() could not be found.
#0 /home/kir591973/private/cakephp/lib/Cake/Routing/Dispatcher.php(186): Controller->invokeAction(Object(CakeRequest))
#1 /home/kir591973/private/cakephp/lib/Cake/Routing/Dispatcher.php(161): Dispatcher->_invoke(Object(CommentsController), Object(CakeRequest), Object(CakeResponse))
#2 /home/kir591973/public_html/uno-mt5-temp10.com/bbs/index.php(95): Dispatcher->dispatch(Object(CakeRequest), Object(CakeResponse))
#3 {main}
2016-06-17 15:52:10 Error: [MissingActionException] Action CommentsController::index() could not be found.
#0 /home/kir591973/private/cakephp/lib/Cake/Routing/Dispatcher.php(186): Controller->invokeAction(Object(CakeRequest))
#1 /home/kir591973/private/cakephp/lib/Cake/Routing/Dispatcher.php(161): Dispatcher->_invoke(Object(CommentsController), Object(CakeRequest), Object(CakeResponse))
#2 /home/kir591973/public_html/uno-mt5-temp10.com/bbs/index.php(95): Dispatcher->dispatch(Object(CakeRequest), Object(CakeResponse))
#3 {main}
2016-06-17 15:52:30 Error: [MissingActionException] Action CommentsController::index() could not be found.
#0 /home/kir591973/private/cakephp/lib/Cake/Routing/Dispatcher.php(186): Controller->invokeAction(Object(CakeRequest))
#1 /home/kir591973/private/cakephp/lib/Cake/Routing/Dispatcher.php(161): Dispatcher->_invoke(Object(CommentsController), Object(CakeRequest), Object(CakeResponse))
#2 /home/kir591973/public_html/uno-mt5-temp10.com/bbs/index.php(95): Dispatcher->dispatch(Object(CakeRequest), Object(CakeResponse))
#3 {main}
2016-06-17 15:52:30 Error: [MissingActionException] Action CommentsController::index() could not be found.
#0 /home/kir591973/private/cakephp/lib/Cake/Routing/Dispatcher.php(186): Controller->invokeAction(Object(CakeRequest))
#1 /home/kir591973/private/cakephp/lib/Cake/Routing/Dispatcher.php(161): Dispatcher->_invoke(Object(CommentsController), Object(CakeRequest), Object(CakeResponse))
#2 /home/kir591973/public_html/uno-mt5-temp10.com/bbs/index.php(95): Dispatcher->dispatch(Object(CakeRequest), Object(CakeResponse))
#3 {main}
2016-06-17 16:13:38 Error: [MissingActionException] Action CommentsController::<pre class=() could not be found.
#0 /home/kir591973/private/cakephp/lib/Cake/Routing/Dispatcher.php(186): Controller->invokeAction(Object(CakeRequest))
#1 /home/kir591973/private/cakephp/lib/Cake/Routing/Dispatcher.php(161): Dispatcher->_invoke(Object(CommentsController), Object(CakeRequest), Object(CakeResponse))
#2 /home/kir591973/public_html/uno-mt5-temp10.com/bbs/index.php(95): Dispatcher->dispatch(Object(CakeRequest), Object(CakeResponse))
#3 {main}
2016-06-17 16:43:13 Error: [PDOException] SQLSTATE[42S22]: Column not found: 1054 Unknown column 'Thread.comment_id' in 'on clause'
#0 /home/kir591973/private/cakephp/lib/Cake/Model/Datasource/DboSource.php(461): PDOStatement->execute(Array)
#1 /home/kir591973/private/cakephp/lib/Cake/Model/Datasource/DboSource.php(427): DboSource->_execute('SELECT `Thread`...', Array)
#2 /home/kir591973/private/cakephp/lib/Cake/Model/Datasource/DboSource.php(671): DboSource->execute('SELECT `Thread`...', Array, Array)
#3 /home/kir591973/private/cakephp/lib/Cake/Model/Datasource/DboSource.php(1082): DboSource->fetchAll('SELECT `Thread`...', false)
#4 /home/kir591973/private/cakephp/lib/Cake/Model/Model.php(2631): DboSource->read(Object(Thread), Array)
#5 /home/kir591973/private/cakephp/lib/Cake/Model/Model.php(1516): Model->find('first', Array)
#6 /home/kir591973/public_html/uno-mt5-temp10.com/bbs/app/Controller/ThreadsController.php(15): Model->read()
#7 [internal function]: ThreadsController->view('1')
#8 /home/kir591973/private/cakephp/lib/Cake/Controller/Controller.php(485): ReflectionMethod->invokeArgs(Object(ThreadsController), Array)
#9 /home/kir591973/private/cakephp/lib/Cake/Routing/Dispatcher.php(186): Controller->invokeAction(Object(CakeRequest))
#10 /home/kir591973/private/cakephp/lib/Cake/Routing/Dispatcher.php(161): Dispatcher->_invoke(Object(ThreadsController), Object(CakeRequest), Object(CakeResponse))
#11 /home/kir591973/public_html/uno-mt5-temp10.com/bbs/index.php(95): Dispatcher->dispatch(Object(CakeRequest), Object(CakeResponse))
#12 {main}
2016-06-17 16:43:14 Error: [PDOException] SQLSTATE[42S22]: Column not found: 1054 Unknown column 'Thread.comment_id' in 'on clause'
#0 /home/kir591973/private/cakephp/lib/Cake/Model/Datasource/DboSource.php(461): PDOStatement->execute(Array)
#1 /home/kir591973/private/cakephp/lib/Cake/Model/Datasource/DboSource.php(427): DboSource->_execute('SELECT `Thread`...', Array)
#2 /home/kir591973/private/cakephp/lib/Cake/Model/Datasource/DboSource.php(671): DboSource->execute('SELECT `Thread`...', Array, Array)
#3 /home/kir591973/private/cakephp/lib/Cake/Model/Datasource/DboSource.php(1082): DboSource->fetchAll('SELECT `Thread`...', false)
#4 /home/kir591973/private/cakephp/lib/Cake/Model/Model.php(2631): DboSource->read(Object(Thread), Array)
#5 /home/kir591973/private/cakephp/lib/Cake/Model/Model.php(1516): Model->find('first', Array)
#6 /home/kir591973/public_html/uno-mt5-temp10.com/bbs/app/Controller/ThreadsController.php(15): Model->read()
#7 [internal function]: ThreadsController->view('<pre class=')
#8 /home/kir591973/private/cakephp/lib/Cake/Controller/Controller.php(485): ReflectionMethod->invokeArgs(Object(ThreadsController), Array)
#9 /home/kir591973/private/cakephp/lib/Cake/Routing/Dispatcher.php(186): Controller->invokeAction(Object(CakeRequest))
#10 /home/kir591973/private/cakephp/lib/Cake/Routing/Dispatcher.php(161): Dispatcher->_invoke(Object(ThreadsController), Object(CakeRequest), Object(CakeResponse))
#11 /home/kir591973/public_html/uno-mt5-temp10.com/bbs/index.php(95): Dispatcher->dispatch(Object(CakeRequest), Object(CakeResponse))
#12 {main}
2016-06-17 16:44:54 Error: [PDOException] SQLSTATE[42S22]: Column not found: 1054 Unknown column 'Thread.comment_id' in 'on clause'
#0 /home/kir591973/private/cakephp/lib/Cake/Model/Datasource/DboSource.php(461): PDOStatement->execute(Array)
#1 /home/kir591973/private/cakephp/lib/Cake/Model/Datasource/DboSource.php(427): DboSource->_execute('SELECT `Thread`...', Array)
#2 /home/kir591973/private/cakephp/lib/Cake/Model/Datasource/DboSource.php(671): DboSource->execute('SELECT `Thread`...', Array, Array)
#3 /home/kir591973/private/cakephp/lib/Cake/Model/Datasource/DboSource.php(1082): DboSource->fetchAll('SELECT `Thread`...', false)
#4 /home/kir591973/private/cakephp/lib/Cake/Model/Model.php(2631): DboSource->read(Object(Thread), Array)
#5 /home/kir591973/private/cakephp/lib/Cake/Model/Model.php(1516): Model->find('first', Array)
#6 /home/kir591973/public_html/uno-mt5-temp10.com/bbs/app/Controller/ThreadsController.php(15): Model->read()
#7 [internal function]: ThreadsController->view('1')
#8 /home/kir591973/private/cakephp/lib/Cake/Controller/Controller.php(485): ReflectionMethod->invokeArgs(Object(ThreadsController), Array)
#9 /home/kir591973/private/cakephp/lib/Cake/Routing/Dispatcher.php(186): Controller->invokeAction(Object(CakeRequest))
#10 /home/kir591973/private/cakephp/lib/Cake/Routing/Dispatcher.php(161): Dispatcher->_invoke(Object(ThreadsController), Object(CakeRequest), Object(CakeResponse))
#11 /home/kir591973/public_html/uno-mt5-temp10.com/bbs/index.php(95): Dispatcher->dispatch(Object(CakeRequest), Object(CakeResponse))
#12 {main}
2016-06-17 16:44:55 Error: [PDOException] SQLSTATE[42S22]: Column not found: 1054 Unknown column 'Thread.comment_id' in 'on clause'
#0 /home/kir591973/private/cakephp/lib/Cake/Model/Datasource/DboSource.php(461): PDOStatement->execute(Array)
#1 /home/kir591973/private/cakephp/lib/Cake/Model/Datasource/DboSource.php(427): DboSource->_execute('SELECT `Thread`...', Array)
#2 /home/kir591973/private/cakephp/lib/Cake/Model/Datasource/DboSource.php(671): DboSource->execute('SELECT `Thread`...', Array, Array)
#3 /home/kir591973/private/cakephp/lib/Cake/Model/Datasource/DboSource.php(1082): DboSource->fetchAll('SELECT `Thread`...', false)
#4 /home/kir591973/private/cakephp/lib/Cake/Model/Model.php(2631): DboSource->read(Object(Thread), Array)
#5 /home/kir591973/private/cakephp/lib/Cake/Model/Model.php(1516): Model->find('first', Array)
#6 /home/kir591973/public_html/uno-mt5-temp10.com/bbs/app/Controller/ThreadsController.php(15): Model->read()
#7 [internal function]: ThreadsController->view('<pre class=')
#8 /home/kir591973/private/cakephp/lib/Cake/Controller/Controller.php(485): ReflectionMethod->invokeArgs(Object(ThreadsController), Array)
#9 /home/kir591973/private/cakephp/lib/Cake/Routing/Dispatcher.php(186): Controller->invokeAction(Object(CakeRequest))
#10 /home/kir591973/private/cakephp/lib/Cake/Routing/Dispatcher.php(161): Dispatcher->_invoke(Object(ThreadsController), Object(CakeRequest), Object(CakeResponse))
#11 /home/kir591973/public_html/uno-mt5-temp10.com/bbs/index.php(95): Dispatcher->dispatch(Object(CakeRequest), Object(CakeResponse))
#12 {main}
2016-06-17 17:29:59 Error: [MissingActionException] Action CommentsController::<pre class=() could not be found.
#0 /home/kir591973/private/cakephp/lib/Cake/Routing/Dispatcher.php(186): Controller->invokeAction(Object(CakeRequest))
#1 /home/kir591973/private/cakephp/lib/Cake/Routing/Dispatcher.php(161): Dispatcher->_invoke(Object(CommentsController), Object(CakeRequest), Object(CakeResponse))
#2 /home/kir591973/public_html/uno-mt5-temp10.com/bbs/index.php(95): Dispatcher->dispatch(Object(CakeRequest), Object(CakeResponse))
#3 {main}
2016-06-17 18:34:51 Error: [MissingControllerException] Controller class MembersController could not be found.
#0 /home/kir591973/public_html/uno-mt5-temp10.com/bbs/index.php(95): Dispatcher->dispatch(Object(CakeRequest), Object(CakeResponse))
#1 {main}
2016-06-17 18:34:51 Error: [MissingControllerException] Controller class MembersController could not be found.
#0 /home/kir591973/public_html/uno-mt5-temp10.com/bbs/index.php(95): Dispatcher->dispatch(Object(CakeRequest), Object(CakeResponse))
#1 {main}
2016-06-17 18:35:01 Error: [MissingControllerException] Controller class MembersController could not be found.
#0 /home/kir591973/public_html/uno-mt5-temp10.com/bbs/index.php(95): Dispatcher->dispatch(Object(CakeRequest), Object(CakeResponse))
#1 {main}
2016-06-17 18:35:01 Error: [MissingControllerException] Controller class MembersController could not be found.
#0 /home/kir591973/public_html/uno-mt5-temp10.com/bbs/index.php(95): Dispatcher->dispatch(Object(CakeRequest), Object(CakeResponse))
#1 {main}
2016-06-17 18:36:24 Error: [MissingControllerException] Controller class MembersController could not be found.
#0 /home/kir591973/public_html/uno-mt5-temp10.com/bbs/index.php(95): Dispatcher->dispatch(Object(CakeRequest), Object(CakeResponse))
#1 {main}
2016-06-17 18:36:24 Error: [MissingControllerException] Controller class MembersController could not be found.
#0 /home/kir591973/public_html/uno-mt5-temp10.com/bbs/index.php(95): Dispatcher->dispatch(Object(CakeRequest), Object(CakeResponse))
#1 {main}
2016-06-17 18:36:29 Error: [MissingControllerException] Controller class MembersController could not be found.
#0 /home/kir591973/public_html/uno-mt5-temp10.com/bbs/index.php(95): Dispatcher->dispatch(Object(CakeRequest), Object(CakeResponse))
#1 {main}
2016-06-17 18:36:29 Error: [MissingControllerException] Controller class MembersController could not be found.
#0 /home/kir591973/public_html/uno-mt5-temp10.com/bbs/index.php(95): Dispatcher->dispatch(Object(CakeRequest), Object(CakeResponse))
#1 {main}
2016-06-17 18:42:05 Error: [MissingControllerException] Controller class MembersController could not be found.
#0 /home/kir591973/public_html/uno-mt5-temp10.com/bbs/index.php(95): Dispatcher->dispatch(Object(CakeRequest), Object(CakeResponse))
#1 {main}
2016-06-17 18:42:05 Error: [MissingControllerException] Controller class MembersController could not be found.
#0 /home/kir591973/public_html/uno-mt5-temp10.com/bbs/index.php(95): Dispatcher->dispatch(Object(CakeRequest), Object(CakeResponse))
#1 {main}
2016-06-17 18:42:12 Error: [MissingControllerException] Controller class MembersController could not be found.
#0 /home/kir591973/public_html/uno-mt5-temp10.com/bbs/index.php(95): Dispatcher->dispatch(Object(CakeRequest), Object(CakeResponse))
#1 {main}
2016-06-17 18:42:12 Error: [MissingControllerException] Controller class MembersController could not be found.
#0 /home/kir591973/public_html/uno-mt5-temp10.com/bbs/index.php(95): Dispatcher->dispatch(Object(CakeRequest), Object(CakeResponse))
#1 {main}
2016-06-17 18:45:15 Error: [MissingControllerException] Controller class MembersController could not be found.
#0 /home/kir591973/public_html/uno-mt5-temp10.com/bbs/index.php(95): Dispatcher->dispatch(Object(CakeRequest), Object(CakeResponse))
#1 {main}
2016-06-17 18:45:15 Error: [MissingControllerException] Controller class MembersController could not be found.
#0 /home/kir591973/public_html/uno-mt5-temp10.com/bbs/index.php(95): Dispatcher->dispatch(Object(CakeRequest), Object(CakeResponse))
#1 {main}
2016-06-17 18:45:18 Error: [MissingControllerException] Controller class MembersController could not be found.
#0 /home/kir591973/public_html/uno-mt5-temp10.com/bbs/index.php(95): Dispatcher->dispatch(Object(CakeRequest), Object(CakeResponse))
#1 {main}
2016-06-17 18:45:18 Error: [MissingControllerException] Controller class MembersController could not be found.
#0 /home/kir591973/public_html/uno-mt5-temp10.com/bbs/index.php(95): Dispatcher->dispatch(Object(CakeRequest), Object(CakeResponse))
#1 {main}
2016-06-17 18:48:25 Error: [MissingControllerException] Controller class MembersController could not be found.
#0 /home/kir591973/public_html/uno-mt5-temp10.com/bbs/index.php(95): Dispatcher->dispatch(Object(CakeRequest), Object(CakeResponse))
#1 {main}
2016-06-17 18:48:26 Error: [MissingControllerException] Controller class MembersController could not be found.
#0 /home/kir591973/public_html/uno-mt5-temp10.com/bbs/index.php(95): Dispatcher->dispatch(Object(CakeRequest), Object(CakeResponse))
#1 {main}
2016-06-17 18:53:32 Error: [MissingControllerException] Controller class MembersController could not be found.
#0 /home/kir591973/public_html/uno-mt5-temp10.com/bbs/index.php(95): Dispatcher->dispatch(Object(CakeRequest), Object(CakeResponse))
#1 {main}
2016-06-17 18:53:32 Error: [MissingControllerException] Controller class MembersController could not be found.
#0 /home/kir591973/public_html/uno-mt5-temp10.com/bbs/index.php(95): Dispatcher->dispatch(Object(CakeRequest), Object(CakeResponse))
#1 {main}
2016-06-17 19:09:11 Error: [MissingControllerException] Controller class MembersController could not be found.
#0 /home/kir591973/public_html/uno-mt5-temp10.com/bbs/index.php(95): Dispatcher->dispatch(Object(CakeRequest), Object(CakeResponse))
#1 {main}
2016-06-17 19:09:11 Error: [MissingControllerException] Controller class MembersController could not be found.
#0 /home/kir591973/public_html/uno-mt5-temp10.com/bbs/index.php(95): Dispatcher->dispatch(Object(CakeRequest), Object(CakeResponse))
#1 {main}
2016-06-17 19:10:27 Error: [MissingControllerException] Controller class MembersController could not be found.
#0 /home/kir591973/public_html/uno-mt5-temp10.com/bbs/index.php(95): Dispatcher->dispatch(Object(CakeRequest), Object(CakeResponse))
#1 {main}
2016-06-17 19:10:27 Error: [MissingControllerException] Controller class MembersController could not be found.
#0 /home/kir591973/public_html/uno-mt5-temp10.com/bbs/index.php(95): Dispatcher->dispatch(Object(CakeRequest), Object(CakeResponse))
#1 {main}
2016-06-17 19:15:06 Error: [MissingActionException] Action TopsController::display() could not be found.
#0 /home/kir591973/private/cakephp/lib/Cake/Routing/Dispatcher.php(186): Controller->invokeAction(Object(CakeRequest))
#1 /home/kir591973/private/cakephp/lib/Cake/Routing/Dispatcher.php(161): Dispatcher->_invoke(Object(TopsController), Object(CakeRequest), Object(CakeResponse))
#2 /home/kir591973/public_html/uno-mt5-temp10.com/bbs/index.php(95): Dispatcher->dispatch(Object(CakeRequest), Object(CakeResponse))
#3 {main}
2016-06-17 19:15:06 Error: [MissingControllerException] Controller class <preClass=Controller could not be found.
#0 /home/kir591973/public_html/uno-mt5-temp10.com/bbs/index.php(95): Dispatcher->dispatch(Object(CakeRequest), Object(CakeResponse))
#1 {main}
2016-06-17 19:15:12 Error: [MissingActionException] Action TopsController::display() could not be found.
#0 /home/kir591973/private/cakephp/lib/Cake/Routing/Dispatcher.php(186): Controller->invokeAction(Object(CakeRequest))
#1 /home/kir591973/private/cakephp/lib/Cake/Routing/Dispatcher.php(161): Dispatcher->_invoke(Object(TopsController), Object(CakeRequest), Object(CakeResponse))
#2 /home/kir591973/public_html/uno-mt5-temp10.com/bbs/index.php(95): Dispatcher->dispatch(Object(CakeRequest), Object(CakeResponse))
#3 {main}
2016-06-17 19:15:12 Error: [MissingControllerException] Controller class <preClass=Controller could not be found.
#0 /home/kir591973/public_html/uno-mt5-temp10.com/bbs/index.php(95): Dispatcher->dispatch(Object(CakeRequest), Object(CakeResponse))
#1 {main}
2016-06-17 19:18:06 Error: Fatal Error (1): Call to a member function find() on a non-object in [/home/kir591973/public_html/uno-mt5-temp10.com/bbs/app/Controller/TopsController.php, line 12]
2016-06-17 19:18:06 Error: [FatalErrorException] Call to a member function find() on a non-object
#0 /home/kir591973/private/cakephp/lib/Cake/Error/ErrorHandler.php(162): ErrorHandler::handleFatalError(1, 'Call to a membe...', '/home/kir591973...', 12)
#1 [internal function]: ErrorHandler::handleError(1, 'Call to a membe...', '/home/kir591973...', 12, Array)
#2 /home/kir591973/private/cakephp/lib/Cake/Core/App.php(926): call_user_func('ErrorHandler::h...', 1, 'Call to a membe...', '/home/kir591973...', 12, Array)
#3 /home/kir591973/private/cakephp/lib/Cake/Core/App.php(899): App::_checkFatalError()
#4 [internal function]: App::shutdown()
#5 {main}
2016-06-17 19:18:06 Error: [MissingControllerException] Controller class <preClass=Controller could not be found.
#0 /home/kir591973/public_html/uno-mt5-temp10.com/bbs/index.php(95): Dispatcher->dispatch(Object(CakeRequest), Object(CakeResponse))
#1 {main}
2016-06-17 19:18:30 Error: Fatal Error (1): Call to a member function find() on a non-object in [/home/kir591973/public_html/uno-mt5-temp10.com/bbs/app/Controller/TopsController.php, line 12]
2016-06-17 19:18:30 Error: [FatalErrorException] Call to a member function find() on a non-object
#0 /home/kir591973/private/cakephp/lib/Cake/Error/ErrorHandler.php(162): ErrorHandler::handleFatalError(1, 'Call to a membe...', '/home/kir591973...', 12)
#1 [internal function]: ErrorHandler::handleError(1, 'Call to a membe...', '/home/kir591973...', 12, Array)
#2 /home/kir591973/private/cakephp/lib/Cake/Core/App.php(926): call_user_func('ErrorHandler::h...', 1, 'Call to a membe...', '/home/kir591973...', 12, Array)
#3 /home/kir591973/private/cakephp/lib/Cake/Core/App.php(899): App::_checkFatalError()
#4 [internal function]: App::shutdown()
#5 {main}
2016-06-17 19:18:30 Error: [MissingControllerException] Controller class <preClass=Controller could not be found.
#0 /home/kir591973/public_html/uno-mt5-temp10.com/bbs/index.php(95): Dispatcher->dispatch(Object(CakeRequest), Object(CakeResponse))
#1 {main}
2016-06-17 19:18:32 Error: Fatal Error (1): Call to a member function find() on a non-object in [/home/kir591973/public_html/uno-mt5-temp10.com/bbs/app/Controller/TopsController.php, line 12]
2016-06-17 19:18:32 Error: [FatalErrorException] Call to a member function find() on a non-object
#0 /home/kir591973/private/cakephp/lib/Cake/Error/ErrorHandler.php(162): ErrorHandler::handleFatalError(1, 'Call to a membe...', '/home/kir591973...', 12)
#1 [internal function]: ErrorHandler::handleError(1, 'Call to a membe...', '/home/kir591973...', 12, Array)
#2 /home/kir591973/private/cakephp/lib/Cake/Core/App.php(926): call_user_func('ErrorHandler::h...', 1, 'Call to a membe...', '/home/kir591973...', 12, Array)
#3 /home/kir591973/private/cakephp/lib/Cake/Core/App.php(899): App::_checkFatalError()
#4 [internal function]: App::shutdown()
#5 {main}
2016-06-17 19:18:32 Error: [MissingControllerException] Controller class <preClass=Controller could not be found.
#0 /home/kir591973/public_html/uno-mt5-temp10.com/bbs/index.php(95): Dispatcher->dispatch(Object(CakeRequest), Object(CakeResponse))
#1 {main}
2016-06-17 19:18:34 Error: Fatal Error (1): Call to a member function find() on a non-object in [/home/kir591973/public_html/uno-mt5-temp10.com/bbs/app/Controller/TopsController.php, line 12]
2016-06-17 19:18:34 Error: [FatalErrorException] Call to a member function find() on a non-object
#0 /home/kir591973/private/cakephp/lib/Cake/Error/ErrorHandler.php(162): ErrorHandler::handleFatalError(1, 'Call to a membe...', '/home/kir591973...', 12)
#1 [internal function]: ErrorHandler::handleError(1, 'Call to a membe...', '/home/kir591973...', 12, Array)
#2 /home/kir591973/private/cakephp/lib/Cake/Core/App.php(926): call_user_func('ErrorHandler::h...', 1, 'Call to a membe...', '/home/kir591973...', 12, Array)
#3 /home/kir591973/private/cakephp/lib/Cake/Core/App.php(899): App::_checkFatalError()
#4 [internal function]: App::shutdown()
#5 {main}
2016-06-17 19:18:34 Error: [MissingControllerException] Controller class <preClass=Controller could not be found.
#0 /home/kir591973/public_html/uno-mt5-temp10.com/bbs/index.php(95): Dispatcher->dispatch(Object(CakeRequest), Object(CakeResponse))
#1 {main}
2016-06-17 19:19:44 Error: Fatal Error (1): Call to a member function find() on a non-object in [/home/kir591973/public_html/uno-mt5-temp10.com/bbs/app/Controller/TopsController.php, line 12]
2016-06-17 19:19:44 Error: [FatalErrorException] Call to a member function find() on a non-object
#0 /home/kir591973/private/cakephp/lib/Cake/Error/ErrorHandler.php(162): ErrorHandler::handleFatalError(1, 'Call to a membe...', '/home/kir591973...', 12)
#1 [internal function]: ErrorHandler::handleError(1, 'Call to a membe...', '/home/kir591973...', 12, Array)
#2 /home/kir591973/private/cakephp/lib/Cake/Core/App.php(926): call_user_func('ErrorHandler::h...', 1, 'Call to a membe...', '/home/kir591973...', 12, Array)
#3 /home/kir591973/private/cakephp/lib/Cake/Core/App.php(899): App::_checkFatalError()
#4 [internal function]: App::shutdown()
#5 {main}
2016-06-17 19:19:44 Error: [MissingControllerException] Controller class <preClass=Controller could not be found.
#0 /home/kir591973/public_html/uno-mt5-temp10.com/bbs/index.php(95): Dispatcher->dispatch(Object(CakeRequest), Object(CakeResponse))
#1 {main}
2016-06-17 19:23:50 Error: [MissingControllerException] Controller class MembersController could not be found.
#0 /home/kir591973/public_html/uno-mt5-temp10.com/bbs/index.php(95): Dispatcher->dispatch(Object(CakeRequest), Object(CakeResponse))
#1 {main}
2016-06-17 19:23:50 Error: [MissingControllerException] Controller class MembersController could not be found.
#0 /home/kir591973/public_html/uno-mt5-temp10.com/bbs/index.php(95): Dispatcher->dispatch(Object(CakeRequest), Object(CakeResponse))
#1 {main}
2016-06-17 19:23:52 Error: [MissingControllerException] Controller class MembersController could not be found.
#0 /home/kir591973/public_html/uno-mt5-temp10.com/bbs/index.php(95): Dispatcher->dispatch(Object(CakeRequest), Object(CakeResponse))
#1 {main}
2016-06-17 19:23:52 Error: [MissingControllerException] Controller class MembersController could not be found.
#0 /home/kir591973/public_html/uno-mt5-temp10.com/bbs/index.php(95): Dispatcher->dispatch(Object(CakeRequest), Object(CakeResponse))
#1 {main}
2016-06-17 19:23:53 Error: [MissingControllerException] Controller class MembersController could not be found.
#0 /home/kir591973/public_html/uno-mt5-temp10.com/bbs/index.php(95): Dispatcher->dispatch(Object(CakeRequest), Object(CakeResponse))
#1 {main}
2016-06-17 19:23:53 Error: [MissingControllerException] Controller class MembersController could not be found.
#0 /home/kir591973/public_html/uno-mt5-temp10.com/bbs/index.php(95): Dispatcher->dispatch(Object(CakeRequest), Object(CakeResponse))
#1 {main}
2016-06-17 19:23:54 Error: [MissingControllerException] Controller class MembersController could not be found.
#0 /home/kir591973/public_html/uno-mt5-temp10.com/bbs/index.php(95): Dispatcher->dispatch(Object(CakeRequest), Object(CakeResponse))
#1 {main}
2016-06-17 19:23:54 Error: [MissingControllerException] Controller class MembersController could not be found.
#0 /home/kir591973/public_html/uno-mt5-temp10.com/bbs/index.php(95): Dispatcher->dispatch(Object(CakeRequest), Object(CakeResponse))
#1 {main}
2016-06-17 19:23:56 Error: [MissingControllerException] Controller class MembersController could not be found.
#0 /home/kir591973/public_html/uno-mt5-temp10.com/bbs/index.php(95): Dispatcher->dispatch(Object(CakeRequest), Object(CakeResponse))
#1 {main}
2016-06-17 19:23:56 Error: [MissingControllerException] Controller class MembersController could not be found.
#0 /home/kir591973/public_html/uno-mt5-temp10.com/bbs/index.php(95): Dispatcher->dispatch(Object(CakeRequest), Object(CakeResponse))
#1 {main}
2016-06-17 19:23:57 Error: [MissingControllerException] Controller class MembersController could not be found.
#0 /home/kir591973/public_html/uno-mt5-temp10.com/bbs/index.php(95): Dispatcher->dispatch(Object(CakeRequest), Object(CakeResponse))
#1 {main}
2016-06-17 19:23:57 Error: [MissingControllerException] Controller class MembersController could not be found.
#0 /home/kir591973/public_html/uno-mt5-temp10.com/bbs/index.php(95): Dispatcher->dispatch(Object(CakeRequest), Object(CakeResponse))
#1 {main}
2016-06-17 19:24:00 Error: [MissingControllerException] Controller class MembersController could not be found.
#0 /home/kir591973/public_html/uno-mt5-temp10.com/bbs/index.php(95): Dispatcher->dispatch(Object(CakeRequest), Object(CakeResponse))
#1 {main}
2016-06-17 19:24:00 Error: [MissingControllerException] Controller class MembersController could not be found.
#0 /home/kir591973/public_html/uno-mt5-temp10.com/bbs/index.php(95): Dispatcher->dispatch(Object(CakeRequest), Object(CakeResponse))
#1 {main}
2016-06-17 19:24:32 Error: [MissingControllerException] Controller class <preClass=Controller could not be found.
#0 /home/kir591973/public_html/uno-mt5-temp10.com/bbs/index.php(95): Dispatcher->dispatch(Object(CakeRequest), Object(CakeResponse))
#1 {main}
2016-06-17 19:24:32 Error: [MissingControllerException] Controller class <preClass=Controller could not be found.
#0 /home/kir591973/public_html/uno-mt5-temp10.com/bbs/index.php(95): Dispatcher->dispatch(Object(CakeRequest), Object(CakeResponse))
#1 {main}
2016-06-17 19:24:47 Error: [MissingControllerException] Controller class <preClass=Controller could not be found.
#0 /home/kir591973/public_html/uno-mt5-temp10.com/bbs/index.php(95): Dispatcher->dispatch(Object(CakeRequest), Object(CakeResponse))
#1 {main}
2016-06-17 19:25:14 Error: [MissingControllerException] Controller class <preClass=Controller could not be found.
#0 /home/kir591973/public_html/uno-mt5-temp10.com/bbs/index.php(95): Dispatcher->dispatch(Object(CakeRequest), Object(CakeResponse))
#1 {main}
2016-06-17 19:25:14 Error: [MissingControllerException] Controller class <preClass=Controller could not be found.
#0 /home/kir591973/public_html/uno-mt5-temp10.com/bbs/index.php(95): Dispatcher->dispatch(Object(CakeRequest), Object(CakeResponse))
#1 {main}
2016-06-17 19:26:06 Error: [MissingControllerException] Controller class <preClass=Controller could not be found.
#0 /home/kir591973/public_html/uno-mt5-temp10.com/bbs/index.php(95): Dispatcher->dispatch(Object(CakeRequest), Object(CakeResponse))
#1 {main}
2016-06-17 19:26:12 Error: [MissingControllerException] Controller class <preClass=Controller could not be found.
#0 /home/kir591973/public_html/uno-mt5-temp10.com/bbs/index.php(95): Dispatcher->dispatch(Object(CakeRequest), Object(CakeResponse))
#1 {main}
2016-06-17 19:26:30 Error: [MissingControllerException] Controller class <preClass=Controller could not be found.
#0 /home/kir591973/public_html/uno-mt5-temp10.com/bbs/index.php(95): Dispatcher->dispatch(Object(CakeRequest), Object(CakeResponse))
#1 {main}
2016-06-17 19:26:39 Error: [MissingControllerException] Controller class <preClass=Controller could not be found.
#0 /home/kir591973/public_html/uno-mt5-temp10.com/bbs/index.php(95): Dispatcher->dispatch(Object(CakeRequest), Object(CakeResponse))
#1 {main}
2016-06-17 19:27:21 Error: [MissingControllerException] Controller class <preClass=Controller could not be found.
#0 /home/kir591973/public_html/uno-mt5-temp10.com/bbs/index.php(95): Dispatcher->dispatch(Object(CakeRequest), Object(CakeResponse))
#1 {main}
2016-06-17 19:27:26 Error: [MissingControllerException] Controller class <preClass=Controller could not be found.
#0 /home/kir591973/public_html/uno-mt5-temp10.com/bbs/index.php(95): Dispatcher->dispatch(Object(CakeRequest), Object(CakeResponse))
#1 {main}
2016-06-17 19:27:55 Error: [MissingControllerException] Controller class <preClass=Controller could not be found.
#0 /home/kir591973/public_html/uno-mt5-temp10.com/bbs/index.php(95): Dispatcher->dispatch(Object(CakeRequest), Object(CakeResponse))
#1 {main}
2016-06-17 19:27:55 Error: [MissingControllerException] Controller class <preClass=Controller could not be found.
#0 /home/kir591973/public_html/uno-mt5-temp10.com/bbs/index.php(95): Dispatcher->dispatch(Object(CakeRequest), Object(CakeResponse))
#1 {main}
